The system is: Linux - 5.4.0-050400-generic - x86_64
Compiling the CXX compiler identification source file "CMakeCXXCompilerId.cpp" succeeded.
Compiler: /usr/bin/c++ 
Build flags: 
Id flags:  

The output was:
0


Compilation of the CXX compiler identification source "CMakeCXXCompilerId.cpp" produced "a.out"

The CXX compiler identification is GNU, found in "/home/x3/shangkun-li/Course_Project/Digital_EDA/phyLS/build/CMakeFiles/3.16.3/CompilerIdCXX/a.out"

Determining if the CXX compiler works passed with the following output:
Change Dir: /home/x3/shangkun-li/Course_Project/Digital_EDA/phyLS/build/CMakeFiles/CMakeTmp

Run Build Command(s):/usr/bin/gmake cmTC_e12e3/fast && /usr/bin/gmake -f CMakeFiles/cmTC_e12e3.dir/build.make CMakeFiles/cmTC_e12e3.dir/build
gmake[1]: Entering directory '/home/x3/shangkun-li/Course_Project/Digital_EDA/phyLS/build/CMakeFiles/CMakeTmp'
Building CXX object CMakeFiles/cmTC_e12e3.dir/testCXXCompiler.cxx.o
/usr/bin/c++     -o CMakeFiles/cmTC_e12e3.dir/testCXXCompiler.cxx.o -c /home/x3/shangkun-li/Course_Project/Digital_EDA/phyLS/build/CMakeFiles/CMakeTmp/testCXXCompiler.cxx
Linking CXX executable cmTC_e12e3
/usr/bin/cmake -E cmake_link_script CMakeFiles/cmTC_e12e3.dir/link.txt --verbose=1
/usr/bin/c++       CMakeFiles/cmTC_e12e3.dir/testCXXCompiler.cxx.o  -o cmTC_e12e3 
gmake[1]: Leaving directory '/home/x3/shangkun-li/Course_Project/Digital_EDA/phyLS/build/CMakeFiles/CMakeTmp'



Detecting CXX compiler ABI info compiled with the following output:
Change Dir: /home/x3/shangkun-li/Course_Project/Digital_EDA/phyLS/build/CMakeFiles/CMakeTmp

Run Build Command(s):/usr/bin/gmake cmTC_2346a/fast && /usr/bin/gmake -f CMakeFiles/cmTC_2346a.dir/build.make CMakeFiles/cmTC_2346a.dir/build
gmake[1]: Entering directory '/home/x3/shangkun-li/Course_Project/Digital_EDA/phyLS/build/CMakeFiles/CMakeTmp'
Building CXX object CMakeFiles/cmTC_2346a.dir/CMakeCXXCompilerABI.cpp.o
/usr/bin/c++    -v -o CMakeFiles/cmTC_2346a.dir/CMakeCXXCompilerABI.cpp.o -c /usr/share/cmake-3.16/Modules/CMakeCXXCompilerABI.cpp
Using built-in specs.
COLLECT_GCC=/usr/bin/c++
OFFLOAD_TARGET_NAMES=nvptx-none:hsa
OFFLOAD_TARGET_DEFAULT=1
Target: x86_64-linux-gnu
Configured with: ../src/configure -v --with-pkgversion='Ubuntu 9.4.0-1ubuntu1~20.04.2' --with-bugurl=file:///usr/share/doc/gcc-9/README.Bugs --enable-languages=c,ada,c++,go,brig,d,fortran,objc,obj-c++,gm2 --prefix=/usr --with-gcc-major-version-only --program-suffix=-9 --program-prefix=x86_64-linux-gnu- --enable-shared --enable-linker-build-id --libexecdir=/usr/lib --without-included-gettext --enable-threads=posix --libdir=/usr/lib --enable-nls --enable-clocale=gnu --enable-libstdcxx-debug --enable-libstdcxx-time=yes --with-default-libstdcxx-abi=new --enable-gnu-unique-object --disable-vtable-verify --enable-plugin --enable-default-pie --with-system-zlib --with-target-system-zlib=auto --enable-objc-gc=auto --enable-multiarch --disable-werror --with-arch-32=i686 --with-abi=m64 --with-multilib-list=m32,m64,mx32 --enable-multilib --with-tune=generic --enable-offload-targets=nvptx-none=/build/gcc-9-9QDOt0/gcc-9-9.4.0/debian/tmp-nvptx/usr,hsa --without-cuda-driver --enable-checking=release --build=x86_64-linux-gnu --host=x86_64-linux-gnu --target=x86_64-linux-gnu
Thread model: posix
gcc version 9.4.0 (Ubuntu 9.4.0-1ubuntu1~20.04.2) 
COLLECT_GCC_OPTIONS='-v' '-o' 'CMakeFiles/cmTC_2346a.dir/CMakeCXXCompilerABI.cpp.o' '-c' '-shared-libgcc' '-mtune=generic' '-march=x86-64'
 /usr/lib/gcc/x86_64-linux-gnu/9/cc1plus -quiet -v -imultiarch x86_64-linux-gnu -D_GNU_SOURCE /usr/share/cmake-3.16/Modules/CMakeCXXCompilerABI.cpp -quiet -dumpbase CMakeCXXCompilerABI.cpp -mtune=generic -march=x86-64 -auxbase-strip CMakeFiles/cmTC_2346a.dir/CMakeCXXCompilerABI.cpp.o -version -fasynchronous-unwind-tables -fstack-protector-strong -Wformat -Wformat-security -fstack-clash-protection -fcf-protection -o /tmp/cctgg0nS.s
GNU C++14 (Ubuntu 9.4.0-1ubuntu1~20.04.2) version 9.4.0 (x86_64-linux-gnu)
	compiled by GNU C version 9.4.0, GMP version 6.2.0, MPFR version 4.0.2, MPC version 1.1.0, isl version isl-0.22.1-GMP

GGC heuristics: --param ggc-min-expand=100 --param ggc-min-heapsize=131072
ignoring duplicate directory "/usr/include/x86_64-linux-gnu/c++/9"
ignoring nonexistent directory "/usr/local/include/x86_64-linux-gnu"
ignoring nonexistent directory "/usr/lib/gcc/x86_64-linux-gnu/9/include-fixed"
ignoring nonexistent directory "/usr/lib/gcc/x86_64-linux-gnu/9/../../../../x86_64-linux-gnu/include"
#include "..." search starts here:
#include <...> search starts here:
 /usr/include/c++/9
 /usr/include/x86_64-linux-gnu/c++/9
 /usr/include/c++/9/backward
 /usr/lib/gcc/x86_64-linux-gnu/9/include
 /usr/local/include
 /usr/include/x86_64-linux-gnu
 /usr/include
End of search list.
GNU C++14 (Ubuntu 9.4.0-1ubuntu1~20.04.2) version 9.4.0 (x86_64-linux-gnu)
	compiled by GNU C version 9.4.0, GMP version 6.2.0, MPFR version 4.0.2, MPC version 1.1.0, isl version isl-0.22.1-GMP

GGC heuristics: --param ggc-min-expand=100 --param ggc-min-heapsize=131072
Compiler executable checksum: 3d1eba838554fa2348dba760e4770469
COLLECT_GCC_OPTIONS='-v' '-o' 'CMakeFiles/cmTC_2346a.dir/CMakeCXXCompilerABI.cpp.o' '-c' '-shared-libgcc' '-mtune=generic' '-march=x86-64'
 as -v --64 -o CMakeFiles/cmTC_2346a.dir/CMakeCXXCompilerABI.cpp.o /tmp/cctgg0nS.s
GNU assembler version 2.34 (x86_64-linux-gnu) using BFD version (GNU Binutils for Ubuntu) 2.34
COMPILER_PATH=/usr/lib/gcc/x86_64-linux-gnu/9/:/usr/lib/gcc/x86_64-linux-gnu/9/:/usr/lib/gcc/x86_64-linux-gnu/:/usr/lib/gcc/x86_64-linux-gnu/9/:/usr/lib/gcc/x86_64-linux-gnu/
LIBRARY_PATH=/usr/lib/gcc/x86_64-linux-gnu/9/:/usr/lib/gcc/x86_64-linux-gnu/9/../../../x86_64-linux-gnu/:/usr/lib/gcc/x86_64-linux-gnu/9/../../../../lib/:/lib/x86_64-linux-gnu/:/lib/../lib/:/usr/lib/x86_64-linux-gnu/:/usr/lib/../lib/:/usr/lib/gcc/x86_64-linux-gnu/9/../../../:/lib/:/usr/lib/
COLLECT_GCC_OPTIONS='-v' '-o' 'CMakeFiles/cmTC_2346a.dir/CMakeCXXCompilerABI.cpp.o' '-c' '-shared-libgcc' '-mtune=generic' '-march=x86-64'
Linking CXX executable cmTC_2346a
/usr/bin/cmake -E cmake_link_script CMakeFiles/cmTC_2346a.dir/link.txt --verbose=1
/usr/bin/c++      -v CMakeFiles/cmTC_2346a.dir/CMakeCXXCompilerABI.cpp.o  -o cmTC_2346a 
Using built-in specs.
COLLECT_GCC=/usr/bin/c++
COLLECT_LTO_WRAPPER=/usr/lib/gcc/x86_64-linux-gnu/9/lto-wrapper
OFFLOAD_TARGET_NAMES=nvptx-none:hsa
OFFLOAD_TARGET_DEFAULT=1
Target: x86_64-linux-gnu
Configured with: ../src/configure -v --with-pkgversion='Ubuntu 9.4.0-1ubuntu1~20.04.2' --with-bugurl=file:///usr/share/doc/gcc-9/README.Bugs --enable-languages=c,ada,c++,go,brig,d,fortran,objc,obj-c++,gm2 --prefix=/usr --with-gcc-major-version-only --program-suffix=-9 --program-prefix=x86_64-linux-gnu- --enable-shared --enable-linker-build-id --libexecdir=/usr/lib --without-included-gettext --enable-threads=posix --libdir=/usr/lib --enable-nls --enable-clocale=gnu --enable-libstdcxx-debug --enable-libstdcxx-time=yes --with-default-libstdcxx-abi=new --enable-gnu-unique-object --disable-vtable-verify --enable-plugin --enable-default-pie --with-system-zlib --with-target-system-zlib=auto --enable-objc-gc=auto --enable-multiarch --disable-werror --with-arch-32=i686 --with-abi=m64 --with-multilib-list=m32,m64,mx32 --enable-multilib --with-tune=generic --enable-offload-targets=nvptx-none=/build/gcc-9-9QDOt0/gcc-9-9.4.0/debian/tmp-nvptx/usr,hsa --without-cuda-driver --enable-checking=release --build=x86_64-linux-gnu --host=x86_64-linux-gnu --target=x86_64-linux-gnu
Thread model: posix
gcc version 9.4.0 (Ubuntu 9.4.0-1ubuntu1~20.04.2) 
COMPILER_PATH=/usr/lib/gcc/x86_64-linux-gnu/9/:/usr/lib/gcc/x86_64-linux-gnu/9/:/usr/lib/gcc/x86_64-linux-gnu/:/usr/lib/gcc/x86_64-linux-gnu/9/:/usr/lib/gcc/x86_64-linux-gnu/
LIBRARY_PATH=/usr/lib/gcc/x86_64-linux-gnu/9/:/usr/lib/gcc/x86_64-linux-gnu/9/../../../x86_64-linux-gnu/:/usr/lib/gcc/x86_64-linux-gnu/9/../../../../lib/:/lib/x86_64-linux-gnu/:/lib/../lib/:/usr/lib/x86_64-linux-gnu/:/usr/lib/../lib/:/usr/lib/gcc/x86_64-linux-gnu/9/../../../:/lib/:/usr/lib/
COLLECT_GCC_OPTIONS='-v' '-o' 'cmTC_2346a' '-shared-libgcc' '-mtune=generic' '-march=x86-64'
 /usr/lib/gcc/x86_64-linux-gnu/9/collect2 -plugin /usr/lib/gcc/x86_64-linux-gnu/9/liblto_plugin.so -plugin-opt=/usr/lib/gcc/x86_64-linux-gnu/9/lto-wrapper -plugin-opt=-fresolution=/tmp/ccOOhtQe.res -plugin-opt=-pass-through=-lgcc_s -plugin-opt=-pass-through=-lgcc -plugin-opt=-pass-through=-lc -plugin-opt=-pass-through=-lgcc_s -plugin-opt=-pass-through=-lgcc --build-id --eh-frame-hdr -m elf_x86_64 --hash-style=gnu --as-needed -dynamic-linker /lib64/ld-linux-x86-64.so.2 -pie -z now -z relro -o cmTC_2346a /usr/lib/gcc/x86_64-linux-gnu/9/../../../x86_64-linux-gnu/Scrt1.o /usr/lib/gcc/x86_64-linux-gnu/9/../../../x86_64-linux-gnu/crti.o /usr/lib/gcc/x86_64-linux-gnu/9/crtbeginS.o -L/usr/lib/gcc/x86_64-linux-gnu/9 -L/usr/lib/gcc/x86_64-linux-gnu/9/../../../x86_64-linux-gnu -L/usr/lib/gcc/x86_64-linux-gnu/9/../../../../lib -L/lib/x86_64-linux-gnu -L/lib/../lib -L/usr/lib/x86_64-linux-gnu -L/usr/lib/../lib -L/usr/lib/gcc/x86_64-linux-gnu/9/../../.. CMakeFiles/cmTC_2346a.dir/CMakeCXXCompilerABI.cpp.o -lstdc++ -lm -lgcc_s -lgcc -lc -lgcc_s -lgcc /usr/lib/gcc/x86_64-linux-gnu/9/crtendS.o /usr/lib/gcc/x86_64-linux-gnu/9/../../../x86_64-linux-gnu/crtn.o
COLLECT_GCC_OPTIONS='-v' '-o' 'cmTC_2346a' '-shared-libgcc' '-mtune=generic' '-march=x86-64'
gmake[1]: Leaving directory '/home/x3/shangkun-li/Course_Project/Digital_EDA/phyLS/build/CMakeFiles/CMakeTmp'



Parsed CXX implicit include dir info from above output: rv=done
  found start of include info
  found start of implicit include info
    add: [/usr/include/c++/9]
    add: [/usr/include/x86_64-linux-gnu/c++/9]
    add: [/usr/include/c++/9/backward]
    add: [/usr/lib/gcc/x86_64-linux-gnu/9/include]
    add: [/usr/local/include]
    add: [/usr/include/x86_64-linux-gnu]
    add: [/usr/include]
  end of search list found
  collapse include dir [/usr/include/c++/9] ==> [/usr/include/c++/9]
  collapse include dir [/usr/include/x86_64-linux-gnu/c++/9] ==> [/usr/include/x86_64-linux-gnu/c++/9]
  collapse include dir [/usr/include/c++/9/backward] ==> [/usr/include/c++/9/backward]
  collapse include dir [/usr/lib/gcc/x86_64-linux-gnu/9/include] ==> [/usr/lib/gcc/x86_64-linux-gnu/9/include]
  collapse include dir [/usr/local/include] ==> [/usr/local/include]
  collapse include dir [/usr/include/x86_64-linux-gnu] ==> [/usr/include/x86_64-linux-gnu]
  collapse include dir [/usr/include] ==> [/usr/include]
  implicit include dirs: [/usr/include/c++/9;/usr/include/x86_64-linux-gnu/c++/9;/usr/include/c++/9/backward;/usr/lib/gcc/x86_64-linux-gnu/9/include;/usr/local/include;/usr/include/x86_64-linux-gnu;/usr/include]


Parsed CXX implicit link information from above output:
  link line regex: [^( *|.*[/\])(ld|CMAKE_LINK_STARTFILE-NOTFOUND|([^/\]+-)?ld|collect2)[^/\]*( |$)]
  ignore line: [Change Dir: /home/x3/shangkun-li/Course_Project/Digital_EDA/phyLS/build/CMakeFiles/CMakeTmp]
  ignore line: []
  ignore line: [Run Build Command(s):/usr/bin/gmake cmTC_2346a/fast && /usr/bin/gmake -f CMakeFiles/cmTC_2346a.dir/build.make CMakeFiles/cmTC_2346a.dir/build]
  ignore line: [gmake[1]: Entering directory '/home/x3/shangkun-li/Course_Project/Digital_EDA/phyLS/build/CMakeFiles/CMakeTmp']
  ignore line: [Building CXX object CMakeFiles/cmTC_2346a.dir/CMakeCXXCompilerABI.cpp.o]
  ignore line: [/usr/bin/c++    -v -o CMakeFiles/cmTC_2346a.dir/CMakeCXXCompilerABI.cpp.o -c /usr/share/cmake-3.16/Modules/CMakeCXXCompilerABI.cpp]
  ignore line: [Using built-in specs.]
  ignore line: [COLLECT_GCC=/usr/bin/c++]
  ignore line: [OFFLOAD_TARGET_NAMES=nvptx-none:hsa]
  ignore line: [OFFLOAD_TARGET_DEFAULT=1]
  ignore line: [Target: x86_64-linux-gnu]
  ignore line: [Configured with: ../src/configure -v --with-pkgversion='Ubuntu 9.4.0-1ubuntu1~20.04.2' --with-bugurl=file:///usr/share/doc/gcc-9/README.Bugs --enable-languages=c ada c++ go brig d fortran objc obj-c++ gm2 --prefix=/usr --with-gcc-major-version-only --program-suffix=-9 --program-prefix=x86_64-linux-gnu- --enable-shared --enable-linker-build-id --libexecdir=/usr/lib --without-included-gettext --enable-threads=posix --libdir=/usr/lib --enable-nls --enable-clocale=gnu --enable-libstdcxx-debug --enable-libstdcxx-time=yes --with-default-libstdcxx-abi=new --enable-gnu-unique-object --disable-vtable-verify --enable-plugin --enable-default-pie --with-system-zlib --with-target-system-zlib=auto --enable-objc-gc=auto --enable-multiarch --disable-werror --with-arch-32=i686 --with-abi=m64 --with-multilib-list=m32 m64 mx32 --enable-multilib --with-tune=generic --enable-offload-targets=nvptx-none=/build/gcc-9-9QDOt0/gcc-9-9.4.0/debian/tmp-nvptx/usr hsa --without-cuda-driver --enable-checking=release --build=x86_64-linux-gnu --host=x86_64-linux-gnu --target=x86_64-linux-gnu]
  ignore line: [Thread model: posix]
  ignore line: [gcc version 9.4.0 (Ubuntu 9.4.0-1ubuntu1~20.04.2) ]
  ignore line: [COLLECT_GCC_OPTIONS='-v' '-o' 'CMakeFiles/cmTC_2346a.dir/CMakeCXXCompilerABI.cpp.o' '-c' '-shared-libgcc' '-mtune=generic' '-march=x86-64']
  ignore line: [ /usr/lib/gcc/x86_64-linux-gnu/9/cc1plus -quiet -v -imultiarch x86_64-linux-gnu -D_GNU_SOURCE /usr/share/cmake-3.16/Modules/CMakeCXXCompilerABI.cpp -quiet -dumpbase CMakeCXXCompilerABI.cpp -mtune=generic -march=x86-64 -auxbase-strip CMakeFiles/cmTC_2346a.dir/CMakeCXXCompilerABI.cpp.o -version -fasynchronous-unwind-tables -fstack-protector-strong -Wformat -Wformat-security -fstack-clash-protection -fcf-protection -o /tmp/cctgg0nS.s]
  ignore line: [GNU C++14 (Ubuntu 9.4.0-1ubuntu1~20.04.2) version 9.4.0 (x86_64-linux-gnu)]
  ignore line: [	compiled by GNU C version 9.4.0  GMP version 6.2.0  MPFR version 4.0.2  MPC version 1.1.0  isl version isl-0.22.1-GMP]
  ignore line: []
  ignore line: [GGC heuristics: --param ggc-min-expand=100 --param ggc-min-heapsize=131072]
  ignore line: [ignoring duplicate directory "/usr/include/x86_64-linux-gnu/c++/9"]
  ignore line: [ignoring nonexistent directory "/usr/local/include/x86_64-linux-gnu"]
  ignore line: [ignoring nonexistent directory "/usr/lib/gcc/x86_64-linux-gnu/9/include-fixed"]
  ignore line: [ignoring nonexistent directory "/usr/lib/gcc/x86_64-linux-gnu/9/../../../../x86_64-linux-gnu/include"]
  ignore line: [#include "..." search starts here:]
  ignore line: [#include <...> search starts here:]
  ignore line: [ /usr/include/c++/9]
  ignore line: [ /usr/include/x86_64-linux-gnu/c++/9]
  ignore line: [ /usr/include/c++/9/backward]
  ignore line: [ /usr/lib/gcc/x86_64-linux-gnu/9/include]
  ignore line: [ /usr/local/include]
  ignore line: [ /usr/include/x86_64-linux-gnu]
  ignore line: [ /usr/include]
  ignore line: [End of search list.]
  ignore line: [GNU C++14 (Ubuntu 9.4.0-1ubuntu1~20.04.2) version 9.4.0 (x86_64-linux-gnu)]
  ignore line: [	compiled by GNU C version 9.4.0  GMP version 6.2.0  MPFR version 4.0.2  MPC version 1.1.0  isl version isl-0.22.1-GMP]
  ignore line: []
  ignore line: [GGC heuristics: --param ggc-min-expand=100 --param ggc-min-heapsize=131072]
  ignore line: [Compiler executable checksum: 3d1eba838554fa2348dba760e4770469]
  ignore line: [COLLECT_GCC_OPTIONS='-v' '-o' 'CMakeFiles/cmTC_2346a.dir/CMakeCXXCompilerABI.cpp.o' '-c' '-shared-libgcc' '-mtune=generic' '-march=x86-64']
  ignore line: [ as -v --64 -o CMakeFiles/cmTC_2346a.dir/CMakeCXXCompilerABI.cpp.o /tmp/cctgg0nS.s]
  ignore line: [GNU assembler version 2.34 (x86_64-linux-gnu) using BFD version (GNU Binutils for Ubuntu) 2.34]
  ignore line: [COMPILER_PATH=/usr/lib/gcc/x86_64-linux-gnu/9/:/usr/lib/gcc/x86_64-linux-gnu/9/:/usr/lib/gcc/x86_64-linux-gnu/:/usr/lib/gcc/x86_64-linux-gnu/9/:/usr/lib/gcc/x86_64-linux-gnu/]
  ignore line: [LIBRARY_PATH=/usr/lib/gcc/x86_64-linux-gnu/9/:/usr/lib/gcc/x86_64-linux-gnu/9/../../../x86_64-linux-gnu/:/usr/lib/gcc/x86_64-linux-gnu/9/../../../../lib/:/lib/x86_64-linux-gnu/:/lib/../lib/:/usr/lib/x86_64-linux-gnu/:/usr/lib/../lib/:/usr/lib/gcc/x86_64-linux-gnu/9/../../../:/lib/:/usr/lib/]
  ignore line: [COLLECT_GCC_OPTIONS='-v' '-o' 'CMakeFiles/cmTC_2346a.dir/CMakeCXXCompilerABI.cpp.o' '-c' '-shared-libgcc' '-mtune=generic' '-march=x86-64']
  ignore line: [Linking CXX executable cmTC_2346a]
  ignore line: [/usr/bin/cmake -E cmake_link_script CMakeFiles/cmTC_2346a.dir/link.txt --verbose=1]
  ignore line: [/usr/bin/c++      -v CMakeFiles/cmTC_2346a.dir/CMakeCXXCompilerABI.cpp.o  -o cmTC_2346a ]
  ignore line: [Using built-in specs.]
  ignore line: [COLLECT_GCC=/usr/bin/c++]
  ignore line: [COLLECT_LTO_WRAPPER=/usr/lib/gcc/x86_64-linux-gnu/9/lto-wrapper]
  ignore line: [OFFLOAD_TARGET_NAMES=nvptx-none:hsa]
  ignore line: [OFFLOAD_TARGET_DEFAULT=1]
  ignore line: [Target: x86_64-linux-gnu]
  ignore line: [Configured with: ../src/configure -v --with-pkgversion='Ubuntu 9.4.0-1ubuntu1~20.04.2' --with-bugurl=file:///usr/share/doc/gcc-9/README.Bugs --enable-languages=c ada c++ go brig d fortran objc obj-c++ gm2 --prefix=/usr --with-gcc-major-version-only --program-suffix=-9 --program-prefix=x86_64-linux-gnu- --enable-shared --enable-linker-build-id --libexecdir=/usr/lib --without-included-gettext --enable-threads=posix --libdir=/usr/lib --enable-nls --enable-clocale=gnu --enable-libstdcxx-debug --enable-libstdcxx-time=yes --with-default-libstdcxx-abi=new --enable-gnu-unique-object --disable-vtable-verify --enable-plugin --enable-default-pie --with-system-zlib --with-target-system-zlib=auto --enable-objc-gc=auto --enable-multiarch --disable-werror --with-arch-32=i686 --with-abi=m64 --with-multilib-list=m32 m64 mx32 --enable-multilib --with-tune=generic --enable-offload-targets=nvptx-none=/build/gcc-9-9QDOt0/gcc-9-9.4.0/debian/tmp-nvptx/usr hsa --without-cuda-driver --enable-checking=release --build=x86_64-linux-gnu --host=x86_64-linux-gnu --target=x86_64-linux-gnu]
  ignore line: [Thread model: posix]
  ignore line: [gcc version 9.4.0 (Ubuntu 9.4.0-1ubuntu1~20.04.2) ]
  ignore line: [COMPILER_PATH=/usr/lib/gcc/x86_64-linux-gnu/9/:/usr/lib/gcc/x86_64-linux-gnu/9/:/usr/lib/gcc/x86_64-linux-gnu/:/usr/lib/gcc/x86_64-linux-gnu/9/:/usr/lib/gcc/x86_64-linux-gnu/]
  ignore line: [LIBRARY_PATH=/usr/lib/gcc/x86_64-linux-gnu/9/:/usr/lib/gcc/x86_64-linux-gnu/9/../../../x86_64-linux-gnu/:/usr/lib/gcc/x86_64-linux-gnu/9/../../../../lib/:/lib/x86_64-linux-gnu/:/lib/../lib/:/usr/lib/x86_64-linux-gnu/:/usr/lib/../lib/:/usr/lib/gcc/x86_64-linux-gnu/9/../../../:/lib/:/usr/lib/]
  ignore line: [COLLECT_GCC_OPTIONS='-v' '-o' 'cmTC_2346a' '-shared-libgcc' '-mtune=generic' '-march=x86-64']
  link line: [ /usr/lib/gcc/x86_64-linux-gnu/9/collect2 -plugin /usr/lib/gcc/x86_64-linux-gnu/9/liblto_plugin.so -plugin-opt=/usr/lib/gcc/x86_64-linux-gnu/9/lto-wrapper -plugin-opt=-fresolution=/tmp/ccOOhtQe.res -plugin-opt=-pass-through=-lgcc_s -plugin-opt=-pass-through=-lgcc -plugin-opt=-pass-through=-lc -plugin-opt=-pass-through=-lgcc_s -plugin-opt=-pass-through=-lgcc --build-id --eh-frame-hdr -m elf_x86_64 --hash-style=gnu --as-needed -dynamic-linker /lib64/ld-linux-x86-64.so.2 -pie -z now -z relro -o cmTC_2346a /usr/lib/gcc/x86_64-linux-gnu/9/../../../x86_64-linux-gnu/Scrt1.o /usr/lib/gcc/x86_64-linux-gnu/9/../../../x86_64-linux-gnu/crti.o /usr/lib/gcc/x86_64-linux-gnu/9/crtbeginS.o -L/usr/lib/gcc/x86_64-linux-gnu/9 -L/usr/lib/gcc/x86_64-linux-gnu/9/../../../x86_64-linux-gnu -L/usr/lib/gcc/x86_64-linux-gnu/9/../../../../lib -L/lib/x86_64-linux-gnu -L/lib/../lib -L/usr/lib/x86_64-linux-gnu -L/usr/lib/../lib -L/usr/lib/gcc/x86_64-linux-gnu/9/../../.. CMakeFiles/cmTC_2346a.dir/CMakeCXXCompilerABI.cpp.o -lstdc++ -lm -lgcc_s -lgcc -lc -lgcc_s -lgcc /usr/lib/gcc/x86_64-linux-gnu/9/crtendS.o /usr/lib/gcc/x86_64-linux-gnu/9/../../../x86_64-linux-gnu/crtn.o]
    arg [/usr/lib/gcc/x86_64-linux-gnu/9/collect2] ==> ignore
    arg [-plugin] ==> ignore
    arg [/usr/lib/gcc/x86_64-linux-gnu/9/liblto_plugin.so] ==> ignore
    arg [-plugin-opt=/usr/lib/gcc/x86_64-linux-gnu/9/lto-wrapper] ==> ignore
    arg [-plugin-opt=-fresolution=/tmp/ccOOhtQe.res] ==> ignore
    arg [-plugin-opt=-pass-through=-lgcc_s] ==> ignore
    arg [-plugin-opt=-pass-through=-lgcc] ==> ignore
    arg [-plugin-opt=-pass-through=-lc] ==> ignore
    arg [-plugin-opt=-pass-through=-lgcc_s] ==> ignore
    arg [-plugin-opt=-pass-through=-lgcc] ==> ignore
    arg [--build-id] ==> ignore
    arg [--eh-frame-hdr] ==> ignore
    arg [-m] ==> ignore
    arg [elf_x86_64] ==> ignore
    arg [--hash-style=gnu] ==> ignore
    arg [--as-needed] ==> ignore
    arg [-dynamic-linker] ==> ignore
    arg [/lib64/ld-linux-x86-64.so.2] ==> ignore
    arg [-pie] ==> ignore
    arg [-znow] ==> ignore
    arg [-zrelro] ==> ignore
    arg [-o] ==> ignore
    arg [cmTC_2346a] ==> ignore
    arg [/usr/lib/gcc/x86_64-linux-gnu/9/../../../x86_64-linux-gnu/Scrt1.o] ==> ignore
    arg [/usr/lib/gcc/x86_64-linux-gnu/9/../../../x86_64-linux-gnu/crti.o] ==> ignore
    arg [/usr/lib/gcc/x86_64-linux-gnu/9/crtbeginS.o] ==> ignore
    arg [-L/usr/lib/gcc/x86_64-linux-gnu/9] ==> dir [/usr/lib/gcc/x86_64-linux-gnu/9]
    arg [-L/usr/lib/gcc/x86_64-linux-gnu/9/../../../x86_64-linux-gnu] ==> dir [/usr/lib/gcc/x86_64-linux-gnu/9/../../../x86_64-linux-gnu]
    arg [-L/usr/lib/gcc/x86_64-linux-gnu/9/../../../../lib] ==> dir [/usr/lib/gcc/x86_64-linux-gnu/9/../../../../lib]
    arg [-L/lib/x86_64-linux-gnu] ==> dir [/lib/x86_64-linux-gnu]
    arg [-L/lib/../lib] ==> dir [/lib/../lib]
    arg [-L/usr/lib/x86_64-linux-gnu] ==> dir [/usr/lib/x86_64-linux-gnu]
    arg [-L/usr/lib/../lib] ==> dir [/usr/lib/../lib]
    arg [-L/usr/lib/gcc/x86_64-linux-gnu/9/../../..] ==> dir [/usr/lib/gcc/x86_64-linux-gnu/9/../../..]
    arg [CMakeFiles/cmTC_2346a.dir/CMakeCXXCompilerABI.cpp.o] ==> ignore
    arg [-lstdc++] ==> lib [stdc++]
    arg [-lm] ==> lib [m]
    arg [-lgcc_s] ==> lib [gcc_s]
    arg [-lgcc] ==> lib [gcc]
    arg [-lc] ==> lib [c]
    arg [-lgcc_s] ==> lib [gcc_s]
    arg [-lgcc] ==> lib [gcc]
    arg [/usr/lib/gcc/x86_64-linux-gnu/9/crtendS.o] ==> ignore
    arg [/usr/lib/gcc/x86_64-linux-gnu/9/../../../x86_64-linux-gnu/crtn.o] ==> ignore
  collapse library dir [/usr/lib/gcc/x86_64-linux-gnu/9] ==> [/usr/lib/gcc/x86_64-linux-gnu/9]
  collapse library dir [/usr/lib/gcc/x86_64-linux-gnu/9/../../../x86_64-linux-gnu] ==> [/usr/lib/x86_64-linux-gnu]
  collapse library dir [/usr/lib/gcc/x86_64-linux-gnu/9/../../../../lib] ==> [/usr/lib]
  collapse library dir [/lib/x86_64-linux-gnu] ==> [/lib/x86_64-linux-gnu]
  collapse library dir [/lib/../lib] ==> [/lib]
  collapse library dir [/usr/lib/x86_64-linux-gnu] ==> [/usr/lib/x86_64-linux-gnu]
  collapse library dir [/usr/lib/../lib] ==> [/usr/lib]
  collapse library dir [/usr/lib/gcc/x86_64-linux-gnu/9/../../..] ==> [/usr/lib]
  implicit libs: [stdc++;m;gcc_s;gcc;c;gcc_s;gcc]
  implicit dirs: [/usr/lib/gcc/x86_64-linux-gnu/9;/usr/lib/x86_64-linux-gnu;/usr/lib;/lib/x86_64-linux-gnu;/lib]
  implicit fwks: []


Performing C++ SOURCE FILE Test HAS_WNO_unknown-pragmas succeeded with the following output:
Change Dir: /home/x3/shangkun-li/Course_Project/Digital_EDA/phyLS/build/CMakeFiles/CMakeTmp

Run Build Command(s):/usr/bin/gmake cmTC_0c7f7/fast && /usr/bin/gmake -f CMakeFiles/cmTC_0c7f7.dir/build.make CMakeFiles/cmTC_0c7f7.dir/build
gmake[1]: Entering directory '/home/x3/shangkun-li/Course_Project/Digital_EDA/phyLS/build/CMakeFiles/CMakeTmp'
Building CXX object CMakeFiles/cmTC_0c7f7.dir/src.cxx.o
/usr/bin/c++    -DHAS_WNO_unknown-pragmas   -Wno-unknown-pragmas -std=gnu++17 -o CMakeFiles/cmTC_0c7f7.dir/src.cxx.o -c /home/x3/shangkun-li/Course_Project/Digital_EDA/phyLS/build/CMakeFiles/CMakeTmp/src.cxx
<command-line>: warning: ISO C++11 requires whitespace after the macro name
Linking CXX executable cmTC_0c7f7
/usr/bin/cmake -E cmake_link_script CMakeFiles/cmTC_0c7f7.dir/link.txt --verbose=1
/usr/bin/c++   -DHAS_WNO_unknown-pragmas    CMakeFiles/cmTC_0c7f7.dir/src.cxx.o  -o cmTC_0c7f7 
gmake[1]: Leaving directory '/home/x3/shangkun-li/Course_Project/Digital_EDA/phyLS/build/CMakeFiles/CMakeTmp'


Source file was:
int main() { return 0; }
Performing C++ SOURCE FILE Test HAS_WNO_sign-compare succeeded with the following output:
Change Dir: /home/x3/shangkun-li/Course_Project/Digital_EDA/phyLS/build/CMakeFiles/CMakeTmp

Run Build Command(s):/usr/bin/gmake cmTC_26f8c/fast && /usr/bin/gmake -f CMakeFiles/cmTC_26f8c.dir/build.make CMakeFiles/cmTC_26f8c.dir/build
gmake[1]: Entering directory '/home/x3/shangkun-li/Course_Project/Digital_EDA/phyLS/build/CMakeFiles/CMakeTmp'
Building CXX object CMakeFiles/cmTC_26f8c.dir/src.cxx.o
/usr/bin/c++    -DHAS_WNO_sign-compare   -Wno-sign-compare -std=gnu++17 -o CMakeFiles/cmTC_26f8c.dir/src.cxx.o -c /home/x3/shangkun-li/Course_Project/Digital_EDA/phyLS/build/CMakeFiles/CMakeTmp/src.cxx
<command-line>: warning: ISO C++11 requires whitespace after the macro name
Linking CXX executable cmTC_26f8c
/usr/bin/cmake -E cmake_link_script CMakeFiles/cmTC_26f8c.dir/link.txt --verbose=1
/usr/bin/c++   -DHAS_WNO_sign-compare    CMakeFiles/cmTC_26f8c.dir/src.cxx.o  -o cmTC_26f8c 
gmake[1]: Leaving directory '/home/x3/shangkun-li/Course_Project/Digital_EDA/phyLS/build/CMakeFiles/CMakeTmp'


Source file was:
int main() { return 0; }
Performing C++ SOURCE FILE Test HAS_WNO_unused-parameter succeeded with the following output:
Change Dir: /home/x3/shangkun-li/Course_Project/Digital_EDA/phyLS/build/CMakeFiles/CMakeTmp

Run Build Command(s):/usr/bin/gmake cmTC_93000/fast && /usr/bin/gmake -f CMakeFiles/cmTC_93000.dir/build.make CMakeFiles/cmTC_93000.dir/build
gmake[1]: Entering directory '/home/x3/shangkun-li/Course_Project/Digital_EDA/phyLS/build/CMakeFiles/CMakeTmp'
Building CXX object CMakeFiles/cmTC_93000.dir/src.cxx.o
/usr/bin/c++    -DHAS_WNO_unused-parameter   -Wno-unused-parameter -std=gnu++17 -o CMakeFiles/cmTC_93000.dir/src.cxx.o -c /home/x3/shangkun-li/Course_Project/Digital_EDA/phyLS/build/CMakeFiles/CMakeTmp/src.cxx
<command-line>: warning: ISO C++11 requires whitespace after the macro name
Linking CXX executable cmTC_93000
/usr/bin/cmake -E cmake_link_script CMakeFiles/cmTC_93000.dir/link.txt --verbose=1
/usr/bin/c++   -DHAS_WNO_unused-parameter    CMakeFiles/cmTC_93000.dir/src.cxx.o  -o cmTC_93000 
gmake[1]: Leaving directory '/home/x3/shangkun-li/Course_Project/Digital_EDA/phyLS/build/CMakeFiles/CMakeTmp'


Source file was:
int main() { return 0; }
Performing C++ SOURCE FILE Test HAS_WNO_format succeeded with the following output:
Change Dir: /home/x3/shangkun-li/Course_Project/Digital_EDA/phyLS/build/CMakeFiles/CMakeTmp

Run Build Command(s):/usr/bin/gmake cmTC_dc22d/fast && /usr/bin/gmake -f CMakeFiles/cmTC_dc22d.dir/build.make CMakeFiles/cmTC_dc22d.dir/build
gmake[1]: Entering directory '/home/x3/shangkun-li/Course_Project/Digital_EDA/phyLS/build/CMakeFiles/CMakeTmp'
Building CXX object CMakeFiles/cmTC_dc22d.dir/src.cxx.o
/usr/bin/c++    -DHAS_WNO_format   -Wno-format -std=gnu++17 -o CMakeFiles/cmTC_dc22d.dir/src.cxx.o -c /home/x3/shangkun-li/Course_Project/Digital_EDA/phyLS/build/CMakeFiles/CMakeTmp/src.cxx
Linking CXX executable cmTC_dc22d
/usr/bin/cmake -E cmake_link_script CMakeFiles/cmTC_dc22d.dir/link.txt --verbose=1
/usr/bin/c++   -DHAS_WNO_format    CMakeFiles/cmTC_dc22d.dir/src.cxx.o  -o cmTC_dc22d 
gmake[1]: Leaving directory '/home/x3/shangkun-li/Course_Project/Digital_EDA/phyLS/build/CMakeFiles/CMakeTmp'


Source file was:
int main() { return 0; }
Performing C++ SOURCE FILE Test HAS_WNO_delete-non-virtual-dtor succeeded with the following output:
Change Dir: /home/x3/shangkun-li/Course_Project/Digital_EDA/phyLS/build/CMakeFiles/CMakeTmp

Run Build Command(s):/usr/bin/gmake cmTC_9403b/fast && /usr/bin/gmake -f CMakeFiles/cmTC_9403b.dir/build.make CMakeFiles/cmTC_9403b.dir/build
gmake[1]: Entering directory '/home/x3/shangkun-li/Course_Project/Digital_EDA/phyLS/build/CMakeFiles/CMakeTmp'
Building CXX object CMakeFiles/cmTC_9403b.dir/src.cxx.o
/usr/bin/c++    -DHAS_WNO_delete-non-virtual-dtor   -Wno-delete-non-virtual-dtor -std=gnu++17 -o CMakeFiles/cmTC_9403b.dir/src.cxx.o -c /home/x3/shangkun-li/Course_Project/Digital_EDA/phyLS/build/CMakeFiles/CMakeTmp/src.cxx
<command-line>: warning: ISO C++11 requires whitespace after the macro name
Linking CXX executable cmTC_9403b
/usr/bin/cmake -E cmake_link_script CMakeFiles/cmTC_9403b.dir/link.txt --verbose=1
/usr/bin/c++   -DHAS_WNO_delete-non-virtual-dtor    CMakeFiles/cmTC_9403b.dir/src.cxx.o  -o cmTC_9403b 
gmake[1]: Leaving directory '/home/x3/shangkun-li/Course_Project/Digital_EDA/phyLS/build/CMakeFiles/CMakeTmp'


Source file was:
int main() { return 0; }
Performing C++ SOURCE FILE Test HAS_WNO_unused-variable succeeded with the following output:
Change Dir: /home/x3/shangkun-li/Course_Project/Digital_EDA/phyLS/build/CMakeFiles/CMakeTmp

Run Build Command(s):/usr/bin/gmake cmTC_b7a92/fast && /usr/bin/gmake -f CMakeFiles/cmTC_b7a92.dir/build.make CMakeFiles/cmTC_b7a92.dir/build
gmake[1]: Entering directory '/home/x3/shangkun-li/Course_Project/Digital_EDA/phyLS/build/CMakeFiles/CMakeTmp'
Building CXX object CMakeFiles/cmTC_b7a92.dir/src.cxx.o
/usr/bin/c++    -DHAS_WNO_unused-variable   -Wno-unused-variable -std=gnu++17 -o CMakeFiles/cmTC_b7a92.dir/src.cxx.o -c /home/x3/shangkun-li/Course_Project/Digital_EDA/phyLS/build/CMakeFiles/CMakeTmp/src.cxx
<command-line>: warning: ISO C++11 requires whitespace after the macro name
Linking CXX executable cmTC_b7a92
/usr/bin/cmake -E cmake_link_script CMakeFiles/cmTC_b7a92.dir/link.txt --verbose=1
/usr/bin/c++   -DHAS_WNO_unused-variable    CMakeFiles/cmTC_b7a92.dir/src.cxx.o  -o cmTC_b7a92 
gmake[1]: Leaving directory '/home/x3/shangkun-li/Course_Project/Digital_EDA/phyLS/build/CMakeFiles/CMakeTmp'


Source file was:
int main() { return 0; }
Performing C++ SOURCE FILE Test HAS_WNO_unused-but-set-parameter succeeded with the following output:
Change Dir: /home/x3/shangkun-li/Course_Project/Digital_EDA/phyLS/build/CMakeFiles/CMakeTmp

Run Build Command(s):/usr/bin/gmake cmTC_109ec/fast && /usr/bin/gmake -f CMakeFiles/cmTC_109ec.dir/build.make CMakeFiles/cmTC_109ec.dir/build
gmake[1]: Entering directory '/home/x3/shangkun-li/Course_Project/Digital_EDA/phyLS/build/CMakeFiles/CMakeTmp'
Building CXX object CMakeFiles/cmTC_109ec.dir/src.cxx.o
/usr/bin/c++    -DHAS_WNO_unused-but-set-parameter   -Wno-unused-but-set-parameter -std=gnu++17 -o CMakeFiles/cmTC_109ec.dir/src.cxx.o -c /home/x3/shangkun-li/Course_Project/Digital_EDA/phyLS/build/CMakeFiles/CMakeTmp/src.cxx
<command-line>: warning: ISO C++11 requires whitespace after the macro name
Linking CXX executable cmTC_109ec
/usr/bin/cmake -E cmake_link_script CMakeFiles/cmTC_109ec.dir/link.txt --verbose=1
/usr/bin/c++   -DHAS_WNO_unused-but-set-parameter    CMakeFiles/cmTC_109ec.dir/src.cxx.o  -o cmTC_109ec 
gmake[1]: Leaving directory '/home/x3/shangkun-li/Course_Project/Digital_EDA/phyLS/build/CMakeFiles/CMakeTmp'


Source file was:
int main() { return 0; }
Performing C++ SOURCE FILE Test HAS_WNO_shift-negative-value succeeded with the following output:
Change Dir: /home/x3/shangkun-li/Course_Project/Digital_EDA/phyLS/build/CMakeFiles/CMakeTmp

Run Build Command(s):/usr/bin/gmake cmTC_2f619/fast && /usr/bin/gmake -f CMakeFiles/cmTC_2f619.dir/build.make CMakeFiles/cmTC_2f619.dir/build
gmake[1]: Entering directory '/home/x3/shangkun-li/Course_Project/Digital_EDA/phyLS/build/CMakeFiles/CMakeTmp'
Building CXX object CMakeFiles/cmTC_2f619.dir/src.cxx.o
/usr/bin/c++    -DHAS_WNO_shift-negative-value   -Wno-shift-negative-value -std=gnu++17 -o CMakeFiles/cmTC_2f619.dir/src.cxx.o -c /home/x3/shangkun-li/Course_Project/Digital_EDA/phyLS/build/CMakeFiles/CMakeTmp/src.cxx
<command-line>: warning: ISO C++11 requires whitespace after the macro name
Linking CXX executable cmTC_2f619
/usr/bin/cmake -E cmake_link_script CMakeFiles/cmTC_2f619.dir/link.txt --verbose=1
/usr/bin/c++   -DHAS_WNO_shift-negative-value    CMakeFiles/cmTC_2f619.dir/src.cxx.o  -o cmTC_2f619 
gmake[1]: Leaving directory '/home/x3/shangkun-li/Course_Project/Digital_EDA/phyLS/build/CMakeFiles/CMakeTmp'


Source file was:
int main() { return 0; }
Performing C++ SOURCE FILE Test HAS_WNO_cast-function-type succeeded with the following output:
Change Dir: /home/x3/shangkun-li/Course_Project/Digital_EDA/phyLS/build/CMakeFiles/CMakeTmp

Run Build Command(s):/usr/bin/gmake cmTC_12849/fast && /usr/bin/gmake -f CMakeFiles/cmTC_12849.dir/build.make CMakeFiles/cmTC_12849.dir/build
gmake[1]: Entering directory '/home/x3/shangkun-li/Course_Project/Digital_EDA/phyLS/build/CMakeFiles/CMakeTmp'
Building CXX object CMakeFiles/cmTC_12849.dir/src.cxx.o
/usr/bin/c++    -DHAS_WNO_cast-function-type   -Wno-cast-function-type -std=gnu++17 -o CMakeFiles/cmTC_12849.dir/src.cxx.o -c /home/x3/shangkun-li/Course_Project/Digital_EDA/phyLS/build/CMakeFiles/CMakeTmp/src.cxx
<command-line>: warning: ISO C++11 requires whitespace after the macro name
Linking CXX executable cmTC_12849
/usr/bin/cmake -E cmake_link_script CMakeFiles/cmTC_12849.dir/link.txt --verbose=1
/usr/bin/c++   -DHAS_WNO_cast-function-type    CMakeFiles/cmTC_12849.dir/src.cxx.o  -o cmTC_12849 
gmake[1]: Leaving directory '/home/x3/shangkun-li/Course_Project/Digital_EDA/phyLS/build/CMakeFiles/CMakeTmp'


Source file was:
int main() { return 0; }
Performing C++ SOURCE FILE Test HAS_WNO_implicit-fallthrough succeeded with the following output:
Change Dir: /home/x3/shangkun-li/Course_Project/Digital_EDA/phyLS/build/CMakeFiles/CMakeTmp

Run Build Command(s):/usr/bin/gmake cmTC_ad527/fast && /usr/bin/gmake -f CMakeFiles/cmTC_ad527.dir/build.make CMakeFiles/cmTC_ad527.dir/build
gmake[1]: Entering directory '/home/x3/shangkun-li/Course_Project/Digital_EDA/phyLS/build/CMakeFiles/CMakeTmp'
Building CXX object CMakeFiles/cmTC_ad527.dir/src.cxx.o
/usr/bin/c++    -DHAS_WNO_implicit-fallthrough   -Wno-implicit-fallthrough -std=gnu++17 -o CMakeFiles/cmTC_ad527.dir/src.cxx.o -c /home/x3/shangkun-li/Course_Project/Digital_EDA/phyLS/build/CMakeFiles/CMakeTmp/src.cxx
<command-line>: warning: ISO C++11 requires whitespace after the macro name
Linking CXX executable cmTC_ad527
/usr/bin/cmake -E cmake_link_script CMakeFiles/cmTC_ad527.dir/link.txt --verbose=1
/usr/bin/c++   -DHAS_WNO_implicit-fallthrough    CMakeFiles/cmTC_ad527.dir/src.cxx.o  -o cmTC_ad527 
gmake[1]: Leaving directory '/home/x3/shangkun-li/Course_Project/Digital_EDA/phyLS/build/CMakeFiles/CMakeTmp'


Source file was:
int main() { return 0; }
Performing C++ SOURCE FILE Test HAS_WNO_missing-field-initializers succeeded with the following output:
Change Dir: /home/x3/shangkun-li/Course_Project/Digital_EDA/phyLS/build/CMakeFiles/CMakeTmp

Run Build Command(s):/usr/bin/gmake cmTC_b8bbb/fast && /usr/bin/gmake -f CMakeFiles/cmTC_b8bbb.dir/build.make CMakeFiles/cmTC_b8bbb.dir/build
gmake[1]: Entering directory '/home/x3/shangkun-li/Course_Project/Digital_EDA/phyLS/build/CMakeFiles/CMakeTmp'
Building CXX object CMakeFiles/cmTC_b8bbb.dir/src.cxx.o
/usr/bin/c++    -DHAS_WNO_missing-field-initializers   -Wno-missing-field-initializers -std=gnu++17 -o CMakeFiles/cmTC_b8bbb.dir/src.cxx.o -c /home/x3/shangkun-li/Course_Project/Digital_EDA/phyLS/build/CMakeFiles/CMakeTmp/src.cxx
<command-line>: warning: ISO C++11 requires whitespace after the macro name
Linking CXX executable cmTC_b8bbb
/usr/bin/cmake -E cmake_link_script CMakeFiles/cmTC_b8bbb.dir/link.txt --verbose=1
/usr/bin/c++   -DHAS_WNO_missing-field-initializers    CMakeFiles/cmTC_b8bbb.dir/src.cxx.o  -o cmTC_b8bbb 
gmake[1]: Leaving directory '/home/x3/shangkun-li/Course_Project/Digital_EDA/phyLS/build/CMakeFiles/CMakeTmp'


Source file was:
int main() { return 0; }
Performing C++ SOURCE FILE Test HAS_WNO_register succeeded with the following output:
Change Dir: /home/x3/shangkun-li/Course_Project/Digital_EDA/phyLS/build/CMakeFiles/CMakeTmp

Run Build Command(s):/usr/bin/gmake cmTC_bb0f1/fast && /usr/bin/gmake -f CMakeFiles/cmTC_bb0f1.dir/build.make CMakeFiles/cmTC_bb0f1.dir/build
gmake[1]: Entering directory '/home/x3/shangkun-li/Course_Project/Digital_EDA/phyLS/build/CMakeFiles/CMakeTmp'
Building CXX object CMakeFiles/cmTC_bb0f1.dir/src.cxx.o
/usr/bin/c++    -DHAS_WNO_register   -Wno-register -std=gnu++17 -o CMakeFiles/cmTC_bb0f1.dir/src.cxx.o -c /home/x3/shangkun-li/Course_Project/Digital_EDA/phyLS/build/CMakeFiles/CMakeTmp/src.cxx
Linking CXX executable cmTC_bb0f1
/usr/bin/cmake -E cmake_link_script CMakeFiles/cmTC_bb0f1.dir/link.txt --verbose=1
/usr/bin/c++   -DHAS_WNO_register    CMakeFiles/cmTC_bb0f1.dir/src.cxx.o  -o cmTC_bb0f1 
gmake[1]: Leaving directory '/home/x3/shangkun-li/Course_Project/Digital_EDA/phyLS/build/CMakeFiles/CMakeTmp'


Source file was:
int main() { return 0; }
Performing C++ SOURCE FILE Test HAS_WNO_type-limits succeeded with the following output:
Change Dir: /home/x3/shangkun-li/Course_Project/Digital_EDA/phyLS/build/CMakeFiles/CMakeTmp

Run Build Command(s):/usr/bin/gmake cmTC_ec9cb/fast && /usr/bin/gmake -f CMakeFiles/cmTC_ec9cb.dir/build.make CMakeFiles/cmTC_ec9cb.dir/build
gmake[1]: Entering directory '/home/x3/shangkun-li/Course_Project/Digital_EDA/phyLS/build/CMakeFiles/CMakeTmp'
Building CXX object CMakeFiles/cmTC_ec9cb.dir/src.cxx.o
/usr/bin/c++    -DHAS_WNO_type-limits   -Wno-type-limits -std=gnu++17 -o CMakeFiles/cmTC_ec9cb.dir/src.cxx.o -c /home/x3/shangkun-li/Course_Project/Digital_EDA/phyLS/build/CMakeFiles/CMakeTmp/src.cxx
<command-line>: warning: ISO C++11 requires whitespace after the macro name
Linking CXX executable cmTC_ec9cb
/usr/bin/cmake -E cmake_link_script CMakeFiles/cmTC_ec9cb.dir/link.txt --verbose=1
/usr/bin/c++   -DHAS_WNO_type-limits    CMakeFiles/cmTC_ec9cb.dir/src.cxx.o  -o cmTC_ec9cb 
gmake[1]: Leaving directory '/home/x3/shangkun-li/Course_Project/Digital_EDA/phyLS/build/CMakeFiles/CMakeTmp'


Source file was:
int main() { return 0; }
Performing C++ SOURCE FILE Test HAS_WNO_narrowing succeeded with the following output:
Change Dir: /home/x3/shangkun-li/Course_Project/Digital_EDA/phyLS/build/CMakeFiles/CMakeTmp

Run Build Command(s):/usr/bin/gmake cmTC_93051/fast && /usr/bin/gmake -f CMakeFiles/cmTC_93051.dir/build.make CMakeFiles/cmTC_93051.dir/build
gmake[1]: Entering directory '/home/x3/shangkun-li/Course_Project/Digital_EDA/phyLS/build/CMakeFiles/CMakeTmp'
Building CXX object CMakeFiles/cmTC_93051.dir/src.cxx.o
/usr/bin/c++    -DHAS_WNO_narrowing   -Wno-narrowing -std=gnu++17 -o CMakeFiles/cmTC_93051.dir/src.cxx.o -c /home/x3/shangkun-li/Course_Project/Digital_EDA/phyLS/build/CMakeFiles/CMakeTmp/src.cxx
Linking CXX executable cmTC_93051
/usr/bin/cmake -E cmake_link_script CMakeFiles/cmTC_93051.dir/link.txt --verbose=1
/usr/bin/c++   -DHAS_WNO_narrowing    CMakeFiles/cmTC_93051.dir/src.cxx.o  -o cmTC_93051 
gmake[1]: Leaving directory '/home/x3/shangkun-li/Course_Project/Digital_EDA/phyLS/build/CMakeFiles/CMakeTmp'


Source file was:
int main() { return 0; }
Performing C++ SOURCE FILE Test HAS_WNO_class-memaccess succeeded with the following output:
Change Dir: /home/x3/shangkun-li/Course_Project/Digital_EDA/phyLS/build/CMakeFiles/CMakeTmp

Run Build Command(s):/usr/bin/gmake cmTC_c8d2d/fast && /usr/bin/gmake -f CMakeFiles/cmTC_c8d2d.dir/build.make CMakeFiles/cmTC_c8d2d.dir/build
gmake[1]: Entering directory '/home/x3/shangkun-li/Course_Project/Digital_EDA/phyLS/build/CMakeFiles/CMakeTmp'
Building CXX object CMakeFiles/cmTC_c8d2d.dir/src.cxx.o
/usr/bin/c++    -DHAS_WNO_class-memaccess   -Wno-class-memaccess -std=gnu++17 -o CMakeFiles/cmTC_c8d2d.dir/src.cxx.o -c /home/x3/shangkun-li/Course_Project/Digital_EDA/phyLS/build/CMakeFiles/CMakeTmp/src.cxx
<command-line>: warning: ISO C++11 requires whitespace after the macro name
Linking CXX executable cmTC_c8d2d
/usr/bin/cmake -E cmake_link_script CMakeFiles/cmTC_c8d2d.dir/link.txt --verbose=1
/usr/bin/c++   -DHAS_WNO_class-memaccess    CMakeFiles/cmTC_c8d2d.dir/src.cxx.o  -o cmTC_c8d2d 
gmake[1]: Leaving directory '/home/x3/shangkun-li/Course_Project/Digital_EDA/phyLS/build/CMakeFiles/CMakeTmp'


Source file was:
int main() { return 0; }
Performing C++ SOURCE FILE Test HAS_WNO_attributes succeeded with the following output:
Change Dir: /home/x3/shangkun-li/Course_Project/Digital_EDA/phyLS/build/CMakeFiles/CMakeTmp

Run Build Command(s):/usr/bin/gmake cmTC_dfa63/fast && /usr/bin/gmake -f CMakeFiles/cmTC_dfa63.dir/build.make CMakeFiles/cmTC_dfa63.dir/build
gmake[1]: Entering directory '/home/x3/shangkun-li/Course_Project/Digital_EDA/phyLS/build/CMakeFiles/CMakeTmp'
Building CXX object CMakeFiles/cmTC_dfa63.dir/src.cxx.o
/usr/bin/c++    -DHAS_WNO_attributes   -Wno-attributes -std=gnu++17 -o CMakeFiles/cmTC_dfa63.dir/src.cxx.o -c /home/x3/shangkun-li/Course_Project/Digital_EDA/phyLS/build/CMakeFiles/CMakeTmp/src.cxx
Linking CXX executable cmTC_dfa63
/usr/bin/cmake -E cmake_link_script CMakeFiles/cmTC_dfa63.dir/link.txt --verbose=1
/usr/bin/c++   -DHAS_WNO_attributes    CMakeFiles/cmTC_dfa63.dir/src.cxx.o  -o cmTC_dfa63 
gmake[1]: Leaving directory '/home/x3/shangkun-li/Course_Project/Digital_EDA/phyLS/build/CMakeFiles/CMakeTmp'


Source file was:
int main() { return 0; }
Performing C++ SOURCE FILE Test HAS_WNO_literal-suffix succeeded with the following output:
Change Dir: /home/x3/shangkun-li/Course_Project/Digital_EDA/phyLS/build/CMakeFiles/CMakeTmp

Run Build Command(s):/usr/bin/gmake cmTC_2e630/fast && /usr/bin/gmake -f CMakeFiles/cmTC_2e630.dir/build.make CMakeFiles/cmTC_2e630.dir/build
gmake[1]: Entering directory '/home/x3/shangkun-li/Course_Project/Digital_EDA/phyLS/build/CMakeFiles/CMakeTmp'
Building CXX object CMakeFiles/cmTC_2e630.dir/src.cxx.o
/usr/bin/c++    -DHAS_WNO_literal-suffix   -Wno-literal-suffix -std=gnu++17 -o CMakeFiles/cmTC_2e630.dir/src.cxx.o -c /home/x3/shangkun-li/Course_Project/Digital_EDA/phyLS/build/CMakeFiles/CMakeTmp/src.cxx
<command-line>: warning: ISO C++11 requires whitespace after the macro name
Linking CXX executable cmTC_2e630
/usr/bin/cmake -E cmake_link_script CMakeFiles/cmTC_2e630.dir/link.txt --verbose=1
/usr/bin/c++   -DHAS_WNO_literal-suffix    CMakeFiles/cmTC_2e630.dir/src.cxx.o  -o cmTC_2e630 
gmake[1]: Leaving directory '/home/x3/shangkun-li/Course_Project/Digital_EDA/phyLS/build/CMakeFiles/CMakeTmp'


Source file was:
int main() { return 0; }
Performing C++ SOURCE FILE Test READLINE_WORKS succeeded with the following output:
Change Dir: /home/x3/shangkun-li/Course_Project/Digital_EDA/phyLS/build/CMakeFiles/CMakeTmp

Run Build Command(s):/usr/bin/gmake cmTC_62fe4/fast && /usr/bin/gmake -f CMakeFiles/cmTC_62fe4.dir/build.make CMakeFiles/cmTC_62fe4.dir/build
gmake[1]: Entering directory '/home/x3/shangkun-li/Course_Project/Digital_EDA/phyLS/build/CMakeFiles/CMakeTmp'
Building CXX object CMakeFiles/cmTC_62fe4.dir/src.cxx.o
/usr/bin/c++    -Wall -DREADLINE_WORKS   -o CMakeFiles/cmTC_62fe4.dir/src.cxx.o -c /home/x3/shangkun-li/Course_Project/Digital_EDA/phyLS/build/CMakeFiles/CMakeTmp/src.cxx
Linking CXX executable cmTC_62fe4
/usr/bin/cmake -E cmake_link_script CMakeFiles/cmTC_62fe4.dir/link.txt --verbose=1
/usr/bin/c++   -Wall -DREADLINE_WORKS    -rdynamic CMakeFiles/cmTC_62fe4.dir/src.cxx.o  -o cmTC_62fe4  -lreadline 
gmake[1]: Leaving directory '/home/x3/shangkun-li/Course_Project/Digital_EDA/phyLS/build/CMakeFiles/CMakeTmp'


...and run output:

Return value: 1
Source file was:

#include <stdio.h>
#include <readline/readline.h>
void foo() { readline("foo"); }
int main() { return 0; }

Performing C++ SOURCE FILE Test HAS_NO_UNNEEDED_INTERNAL_DECLARATION succeeded with the following output:
Change Dir: /home/x3/shangkun-li/Course_Project/Digital_EDA/phyLS/build/CMakeFiles/CMakeTmp

Run Build Command(s):/usr/bin/gmake cmTC_abf63/fast && /usr/bin/gmake -f CMakeFiles/cmTC_abf63.dir/build.make CMakeFiles/cmTC_abf63.dir/build
gmake[1]: Entering directory '/home/x3/shangkun-li/Course_Project/Digital_EDA/phyLS/build/CMakeFiles/CMakeTmp'
Building CXX object CMakeFiles/cmTC_abf63.dir/src.cxx.o
/usr/bin/c++    -Wall -DHAS_NO_UNNEEDED_INTERNAL_DECLARATION   -Wno-unneeded-internal-declaration -std=gnu++17 -o CMakeFiles/cmTC_abf63.dir/src.cxx.o -c /home/x3/shangkun-li/Course_Project/Digital_EDA/phyLS/build/CMakeFiles/CMakeTmp/src.cxx
Linking CXX executable cmTC_abf63
/usr/bin/cmake -E cmake_link_script CMakeFiles/cmTC_abf63.dir/link.txt --verbose=1
/usr/bin/c++   -Wall -DHAS_NO_UNNEEDED_INTERNAL_DECLARATION    CMakeFiles/cmTC_abf63.dir/src.cxx.o  -o cmTC_abf63 
gmake[1]: Leaving directory '/home/x3/shangkun-li/Course_Project/Digital_EDA/phyLS/build/CMakeFiles/CMakeTmp'


Source file was:
int main() { return 0; }
Determining if the include file pthread.h exists passed with the following output:
Change Dir: /home/x3/shangkun-li/Course_Project/Digital_EDA/phyLS/build/CMakeFiles/CMakeTmp

Run Build Command(s):/usr/bin/gmake cmTC_d6f86/fast && /usr/bin/gmake -f CMakeFiles/cmTC_d6f86.dir/build.make CMakeFiles/cmTC_d6f86.dir/build
gmake[1]: Entering directory '/home/x3/shangkun-li/Course_Project/Digital_EDA/phyLS/build/CMakeFiles/CMakeTmp'
Building CXX object CMakeFiles/cmTC_d6f86.dir/CheckIncludeFile.cxx.o
/usr/bin/c++    -std=gnu++17 -o CMakeFiles/cmTC_d6f86.dir/CheckIncludeFile.cxx.o -c /home/x3/shangkun-li/Course_Project/Digital_EDA/phyLS/build/CMakeFiles/CMakeTmp/CheckIncludeFile.cxx
Linking CXX executable cmTC_d6f86
/usr/bin/cmake -E cmake_link_script CMakeFiles/cmTC_d6f86.dir/link.txt --verbose=1
/usr/bin/c++       CMakeFiles/cmTC_d6f86.dir/CheckIncludeFile.cxx.o  -o cmTC_d6f86 
gmake[1]: Leaving directory '/home/x3/shangkun-li/Course_Project/Digital_EDA/phyLS/build/CMakeFiles/CMakeTmp'



