Performing C++ SOURCE FILE Test HAS_FCOLOR_DIAGNOSTICS failed with the following output:
Change Dir: /home/x3/shangkun-li/Course_Project/Digital_EDA/phyLS/build/CMakeFiles/CMakeTmp

Run Build Command(s):/usr/bin/gmake cmTC_8caa1/fast && /usr/bin/gmake -f CMakeFiles/cmTC_8caa1.dir/build.make CMakeFiles/cmTC_8caa1.dir/build
gmake[1]: Entering directory '/home/x3/shangkun-li/Course_Project/Digital_EDA/phyLS/build/CMakeFiles/CMakeTmp'
Building CXX object CMakeFiles/cmTC_8caa1.dir/src.cxx.o
/usr/bin/c++    -DHAS_FCOLOR_DIAGNOSTICS   -fcolor-diagnostics -std=gnu++17 -o CMakeFiles/cmTC_8caa1.dir/src.cxx.o -c /home/x3/shangkun-li/Course_Project/Digital_EDA/phyLS/build/CMakeFiles/CMakeTmp/src.cxx
c++: error: unrecognized command line option '-fcolor-diagnostics'
gmake[1]: *** [CMakeFiles/cmTC_8caa1.dir/build.make:66: CMakeFiles/cmTC_8caa1.dir/src.cxx.o] Error 1
gmake[1]: Leaving directory '/home/x3/shangkun-li/Course_Project/Digital_EDA/phyLS/build/CMakeFiles/CMakeTmp'
gmake: *** [Makefile:121: cmTC_8caa1/fast] Error 2


Source file was:
int main() { return 0; }
Performing C++ SOURCE FILE Test HAS_WNO_gnu-anonymous-struct failed with the following output:
Change Dir: /home/x3/shangkun-li/Course_Project/Digital_EDA/phyLS/build/CMakeFiles/CMakeTmp

Run Build Command(s):/usr/bin/gmake cmTC_af803/fast && /usr/bin/gmake -f CMakeFiles/cmTC_af803.dir/build.make CMakeFiles/cmTC_af803.dir/build
gmake[1]: Entering directory '/home/x3/shangkun-li/Course_Project/Digital_EDA/phyLS/build/CMakeFiles/CMakeTmp'
Building CXX object CMakeFiles/cmTC_af803.dir/src.cxx.o
/usr/bin/c++    -DHAS_WNO_gnu-anonymous-struct   -Wno-gnu-anonymous-struct -std=gnu++17 -o CMakeFiles/cmTC_af803.dir/src.cxx.o -c /home/x3/shangkun-li/Course_Project/Digital_EDA/phyLS/build/CMakeFiles/CMakeTmp/src.cxx
<command-line>: warning: ISO C++11 requires whitespace after the macro name
cc1plus: warning: unrecognized command line option '-Wno-gnu-anonymous-struct'
Linking CXX executable cmTC_af803
/usr/bin/cmake -E cmake_link_script CMakeFiles/cmTC_af803.dir/link.txt --verbose=1
/usr/bin/c++   -DHAS_WNO_gnu-anonymous-struct    CMakeFiles/cmTC_af803.dir/src.cxx.o  -o cmTC_af803 
gmake[1]: Leaving directory '/home/x3/shangkun-li/Course_Project/Digital_EDA/phyLS/build/CMakeFiles/CMakeTmp'


Source file was:
int main() { return 0; }
Performing C++ SOURCE FILE Test HAS_WNO_nested-anon-types failed with the following output:
Change Dir: /home/x3/shangkun-li/Course_Project/Digital_EDA/phyLS/build/CMakeFiles/CMakeTmp

Run Build Command(s):/usr/bin/gmake cmTC_7d2d7/fast && /usr/bin/gmake -f CMakeFiles/cmTC_7d2d7.dir/build.make CMakeFiles/cmTC_7d2d7.dir/build
gmake[1]: Entering directory '/home/x3/shangkun-li/Course_Project/Digital_EDA/phyLS/build/CMakeFiles/CMakeTmp'
Building CXX object CMakeFiles/cmTC_7d2d7.dir/src.cxx.o
/usr/bin/c++    -DHAS_WNO_nested-anon-types   -Wno-nested-anon-types -std=gnu++17 -o CMakeFiles/cmTC_7d2d7.dir/src.cxx.o -c /home/x3/shangkun-li/Course_Project/Digital_EDA/phyLS/build/CMakeFiles/CMakeTmp/src.cxx
<command-line>: warning: ISO C++11 requires whitespace after the macro name
cc1plus: warning: unrecognized command line option '-Wno-nested-anon-types'
Linking CXX executable cmTC_7d2d7
/usr/bin/cmake -E cmake_link_script CMakeFiles/cmTC_7d2d7.dir/link.txt --verbose=1
/usr/bin/c++   -DHAS_WNO_nested-anon-types    CMakeFiles/cmTC_7d2d7.dir/src.cxx.o  -o cmTC_7d2d7 
gmake[1]: Leaving directory '/home/x3/shangkun-li/Course_Project/Digital_EDA/phyLS/build/CMakeFiles/CMakeTmp'


Source file was:
int main() { return 0; }
Performing C++ SOURCE FILE Test HAS_WNO_unused-lambda-capture failed with the following output:
Change Dir: /home/x3/shangkun-li/Course_Project/Digital_EDA/phyLS/build/CMakeFiles/CMakeTmp

Run Build Command(s):/usr/bin/gmake cmTC_be510/fast && /usr/bin/gmake -f CMakeFiles/cmTC_be510.dir/build.make CMakeFiles/cmTC_be510.dir/build
gmake[1]: Entering directory '/home/x3/shangkun-li/Course_Project/Digital_EDA/phyLS/build/CMakeFiles/CMakeTmp'
Building CXX object CMakeFiles/cmTC_be510.dir/src.cxx.o
/usr/bin/c++    -DHAS_WNO_unused-lambda-capture   -Wno-unused-lambda-capture -std=gnu++17 -o CMakeFiles/cmTC_be510.dir/src.cxx.o -c /home/x3/shangkun-li/Course_Project/Digital_EDA/phyLS/build/CMakeFiles/CMakeTmp/src.cxx
<command-line>: warning: ISO C++11 requires whitespace after the macro name
cc1plus: warning: unrecognized command line option '-Wno-unused-lambda-capture'
Linking CXX executable cmTC_be510
/usr/bin/cmake -E cmake_link_script CMakeFiles/cmTC_be510.dir/link.txt --verbose=1
/usr/bin/c++   -DHAS_WNO_unused-lambda-capture    CMakeFiles/cmTC_be510.dir/src.cxx.o  -o cmTC_be510 
gmake[1]: Leaving directory '/home/x3/shangkun-li/Course_Project/Digital_EDA/phyLS/build/CMakeFiles/CMakeTmp'


Source file was:
int main() { return 0; }
Performing C++ SOURCE FILE Test HAS_WNO_unused-private-field failed with the following output:
Change Dir: /home/x3/shangkun-li/Course_Project/Digital_EDA/phyLS/build/CMakeFiles/CMakeTmp

Run Build Command(s):/usr/bin/gmake cmTC_678a7/fast && /usr/bin/gmake -f CMakeFiles/cmTC_678a7.dir/build.make CMakeFiles/cmTC_678a7.dir/build
gmake[1]: Entering directory '/home/x3/shangkun-li/Course_Project/Digital_EDA/phyLS/build/CMakeFiles/CMakeTmp'
Building CXX object CMakeFiles/cmTC_678a7.dir/src.cxx.o
/usr/bin/c++    -DHAS_WNO_unused-private-field   -Wno-unused-private-field -std=gnu++17 -o CMakeFiles/cmTC_678a7.dir/src.cxx.o -c /home/x3/shangkun-li/Course_Project/Digital_EDA/phyLS/build/CMakeFiles/CMakeTmp/src.cxx
<command-line>: warning: ISO C++11 requires whitespace after the macro name
cc1plus: warning: unrecognized command line option '-Wno-unused-private-field'
Linking CXX executable cmTC_678a7
/usr/bin/cmake -E cmake_link_script CMakeFiles/cmTC_678a7.dir/link.txt --verbose=1
/usr/bin/c++   -DHAS_WNO_unused-private-field    CMakeFiles/cmTC_678a7.dir/src.cxx.o  -o cmTC_678a7 
gmake[1]: Leaving directory '/home/x3/shangkun-li/Course_Project/Digital_EDA/phyLS/build/CMakeFiles/CMakeTmp'


Source file was:
int main() { return 0; }
Performing C++ SOURCE FILE Test HAS_WNO_inconsistent-missing-override failed with the following output:
Change Dir: /home/x3/shangkun-li/Course_Project/Digital_EDA/phyLS/build/CMakeFiles/CMakeTmp

Run Build Command(s):/usr/bin/gmake cmTC_15bdb/fast && /usr/bin/gmake -f CMakeFiles/cmTC_15bdb.dir/build.make CMakeFiles/cmTC_15bdb.dir/build
gmake[1]: Entering directory '/home/x3/shangkun-li/Course_Project/Digital_EDA/phyLS/build/CMakeFiles/CMakeTmp'
Building CXX object CMakeFiles/cmTC_15bdb.dir/src.cxx.o
/usr/bin/c++    -DHAS_WNO_inconsistent-missing-override   -Wno-inconsistent-missing-override -std=gnu++17 -o CMakeFiles/cmTC_15bdb.dir/src.cxx.o -c /home/x3/shangkun-li/Course_Project/Digital_EDA/phyLS/build/CMakeFiles/CMakeTmp/src.cxx
<command-line>: warning: ISO C++11 requires whitespace after the macro name
cc1plus: warning: unrecognized command line option '-Wno-inconsistent-missing-override'
Linking CXX executable cmTC_15bdb
/usr/bin/cmake -E cmake_link_script CMakeFiles/cmTC_15bdb.dir/link.txt --verbose=1
/usr/bin/c++   -DHAS_WNO_inconsistent-missing-override    CMakeFiles/cmTC_15bdb.dir/src.cxx.o  -o cmTC_15bdb 
gmake[1]: Leaving directory '/home/x3/shangkun-li/Course_Project/Digital_EDA/phyLS/build/CMakeFiles/CMakeTmp'


Source file was:
int main() { return 0; }
Performing C++ SOURCE FILE Test CMAKE_HAVE_LIBC_PTHREAD failed with the following output:
Change Dir: /home/x3/shangkun-li/Course_Project/Digital_EDA/phyLS/build/CMakeFiles/CMakeTmp

Run Build Command(s):/usr/bin/gmake cmTC_670c6/fast && /usr/bin/gmake -f CMakeFiles/cmTC_670c6.dir/build.make CMakeFiles/cmTC_670c6.dir/build
gmake[1]: Entering directory '/home/x3/shangkun-li/Course_Project/Digital_EDA/phyLS/build/CMakeFiles/CMakeTmp'
Building CXX object CMakeFiles/cmTC_670c6.dir/src.cxx.o
/usr/bin/c++    -DCMAKE_HAVE_LIBC_PTHREAD   -std=gnu++17 -o CMakeFiles/cmTC_670c6.dir/src.cxx.o -c /home/x3/shangkun-li/Course_Project/Digital_EDA/phyLS/build/CMakeFiles/CMakeTmp/src.cxx
Linking CXX executable cmTC_670c6
/usr/bin/cmake -E cmake_link_script CMakeFiles/cmTC_670c6.dir/link.txt --verbose=1
/usr/bin/c++   -DCMAKE_HAVE_LIBC_PTHREAD    CMakeFiles/cmTC_670c6.dir/src.cxx.o  -o cmTC_670c6 
/usr/bin/ld: CMakeFiles/cmTC_670c6.dir/src.cxx.o: in function `main':
src.cxx:(.text+0x46): undefined reference to `pthread_create'
/usr/bin/ld: src.cxx:(.text+0x52): undefined reference to `pthread_detach'
/usr/bin/ld: src.cxx:(.text+0x63): undefined reference to `pthread_join'
collect2: error: ld returned 1 exit status
gmake[1]: *** [CMakeFiles/cmTC_670c6.dir/build.make:87: cmTC_670c6] Error 1
gmake[1]: Leaving directory '/home/x3/shangkun-li/Course_Project/Digital_EDA/phyLS/build/CMakeFiles/CMakeTmp'
gmake: *** [Makefile:121: cmTC_670c6/fast] Error 2


Source file was:
#include <pthread.h>

void* test_func(void* data)
{
  return data;
}

int main(void)
{
  pthread_t thread;
  pthread_create(&thread, NULL, test_func, NULL);
  pthread_detach(thread);
  pthread_join(thread, NULL);
  pthread_atfork(NULL, NULL, NULL);
  pthread_exit(NULL);

  return 0;
}

